2025-05-12 14:34:00 | DEBUG | repo=2017-course-sys-int-activemq-seminar | action=commit
2025-10-21 21:03:00 | WARN | repo=2017-course-sys-int-activemq-seminar | action=commit
2025-10-24 20:34:00 | WARN | repo=2017-course-sys-int-activemq-seminar | action=pull
2025-09-08 11:47:00 | INFO | repo=2017-course-sys-int-activemq-seminar | action=commit
2025-11-27 07:35:00 | INFO | repo=2017-course-sys-int-activemq-seminar | action=commit
2025-05-05 07:35:00 | DEBUG | repo=2017-course-sys-int-activemq-seminar | action=commit
2025-01-09 21:08:00 | WARN | repo=2017-course-sys-int-activemq-seminar | action=commit
2025-07-19 11:47:00 | DEBUG | repo=2017-course-sys-int-activemq-seminar | action=commit
2025-04-24 15:38:00 | DEBUG | repo=2017-course-sys-int-activemq-seminar | action=test | passed=true
2025-09-19 08:46:00 | DEBUG | repo=2017-course-sys-int-activemq-seminar | action=commit
2025-02-18 07:36:00 | WARN | repo=2017-course-sys-int-activemq-seminar | action=test | passed=true
2025-05-26 12:39:00 | WARN | repo=2017-course-sys-int-activemq-seminar | action=edit | files=1
2025-05-16 11:46:00 | WARN | repo=2017-course-sys-int-activemq-seminar | action=commit
2025-06-21 09:21:00 | DEBUG | repo=2017-course-sys-int-activemq-seminar | action=edit | files=4
2025-03-24 20:31:00 | DEBUG | repo=2017-course-sys-int-activemq-seminar | action=commit
2025-11-25 15:06:00 | INFO | repo=2017-course-sys-int-activemq-seminar | action=commit
2025-08-22 12:22:00 | DEBUG | repo=2017-course-sys-int-activemq-seminar | action=commit
2025-11-13 21:35:00 | INFO | repo=2017-course-sys-int-activemq-seminar | action=commit
2025-12-16 10:29:00 | WARN | repo=2017-course-sys-int-activemq-seminar | action=commit
2025-06-12 15:24:00 | DEBUG | repo=2017-course-sys-int-activemq-seminar | action=commit
2025-07-15 19:39:00 | DEBUG | repo=2017-course-sys-int-activemq-seminar | action=edit | files=1
2025-06-27 16:50:00 | INFO | repo=2017-course-sys-int-activemq-seminar | action=commit
2025-10-07 07:36:00 | DEBUG | repo=2017-course-sys-int-activemq-seminar | action=commit
